{"/Users/addisutedla/Documents/Projects/To-do-list/modules/addEditDelete.js": {"path":"/Users/addisutedla/Documents/Projects/To-do-list/modules/addEditDelete.js","statementMap":{"0":{"start":{"line":1,"column":16},"end":{"line":13,"column":1}},"1":{"start":{"line":2,"column":19},"end":{"line":2,"column":62}},"2":{"start":{"line":2,"column":42},"end":{"line":2,"column":61}},"3":{"start":{"line":4,"column":15},"end":{"line":8,"column":3}},"4":{"start":{"line":10,"column":2},"end":{"line":10,"column":22}},"5":{"start":{"line":12,"column":2},"end":{"line":12,"column":18}},"6":{"start":{"line":15,"column":17},"end":{"line":21,"column":1}},"7":{"start":{"line":16,"column":19},"end":{"line":16,"column":24}},"8":{"start":{"line":17,"column":15},"end":{"line":17,"column":63}},"9":{"start":{"line":17,"column":43},"end":{"line":17,"column":62}},"10":{"start":{"line":18,"column":2},"end":{"line":18,"column":25}},"11":{"start":{"line":19,"column":2},"end":{"line":19,"column":29}},"12":{"start":{"line":20,"column":2},"end":{"line":20,"column":18}},"13":{"start":{"line":23,"column":25},"end":{"line":29,"column":1}},"14":{"start":{"line":24,"column":19},"end":{"line":24,"column":24}},"15":{"start":{"line":25,"column":15},"end":{"line":25,"column":63}},"16":{"start":{"line":25,"column":43},"end":{"line":25,"column":62}},"17":{"start":{"line":26,"column":2},"end":{"line":26,"column":21}},"18":{"start":{"line":27,"column":2},"end":{"line":27,"column":29}},"19":{"start":{"line":28,"column":2},"end":{"line":28,"column":18}},"20":{"start":{"line":31,"column":19},"end":{"line":31,"column":72}},"21":{"start":{"line":31,"column":33},"end":{"line":31,"column":72}},"22":{"start":{"line":31,"column":60},"end":{"line":31,"column":71}},"23":{"start":{"line":33,"column":22},"end":{"line":33,"column":67}},"24":{"start":{"line":33,"column":33},"end":{"line":33,"column":67}},"25":{"start":{"line":33,"column":56},"end":{"line":33,"column":66}}},"fnMap":{"0":{"name":"(anonymous_0)","decl":{"start":{"line":1,"column":16},"end":{"line":1,"column":17}},"loc":{"start":{"line":1,"column":36},"end":{"line":13,"column":1}},"line":1},"1":{"name":"(anonymous_1)","decl":{"start":{"line":2,"column":32},"end":{"line":2,"column":33}},"loc":{"start":{"line":2,"column":42},"end":{"line":2,"column":61}},"line":2},"2":{"name":"(anonymous_2)","decl":{"start":{"line":15,"column":17},"end":{"line":15,"column":18}},"loc":{"start":{"line":15,"column":48},"end":{"line":21,"column":1}},"line":15},"3":{"name":"(anonymous_3)","decl":{"start":{"line":17,"column":29},"end":{"line":17,"column":30}},"loc":{"start":{"line":17,"column":43},"end":{"line":17,"column":62}},"line":17},"4":{"name":"(anonymous_4)","decl":{"start":{"line":23,"column":25},"end":{"line":23,"column":26}},"loc":{"start":{"line":23,"column":55},"end":{"line":29,"column":1}},"line":23},"5":{"name":"(anonymous_5)","decl":{"start":{"line":25,"column":29},"end":{"line":25,"column":30}},"loc":{"start":{"line":25,"column":43},"end":{"line":25,"column":62}},"line":25},"6":{"name":"(anonymous_6)","decl":{"start":{"line":31,"column":19},"end":{"line":31,"column":20}},"loc":{"start":{"line":31,"column":33},"end":{"line":31,"column":72}},"line":31},"7":{"name":"(anonymous_7)","decl":{"start":{"line":31,"column":46},"end":{"line":31,"column":47}},"loc":{"start":{"line":31,"column":60},"end":{"line":31,"column":71}},"line":31},"8":{"name":"(anonymous_8)","decl":{"start":{"line":33,"column":22},"end":{"line":33,"column":23}},"loc":{"start":{"line":33,"column":33},"end":{"line":33,"column":67}},"line":33},"9":{"name":"(anonymous_9)","decl":{"start":{"line":33,"column":46},"end":{"line":33,"column":47}},"loc":{"start":{"line":33,"column":56},"end":{"line":33,"column":66}},"line":33}},"branchMap":{},"s":{"0":1,"1":2,"2":9,"3":2,"4":2,"5":2,"6":1,"7":1,"8":1,"9":1,"10":1,"11":1,"12":1,"13":1,"14":1,"15":1,"16":1,"17":1,"18":1,"19":1,"20":1,"21":2,"22":11,"23":1,"24":1,"25":4},"f":{"0":2,"1":9,"2":1,"3":1,"4":1,"5":1,"6":2,"7":11,"8":1,"9":4},"b":{},"_coverageSchema":"1a1c01bbd47fc00a2c39e90264f33305004495a9","hash":"751811e3d2ef42e5f3322d073a56e4936d020ff9"}
}
