TN:
SF:modules/addEditDelete.js
FN:1,(anonymous_0)
FN:2,(anonymous_1)
FN:15,(anonymous_2)
FN:17,(anonymous_3)
FN:23,(anonymous_4)
FN:25,(anonymous_5)
FN:31,(anonymous_6)
FN:31,(anonymous_7)
FN:33,(anonymous_8)
FN:33,(anonymous_9)
FNF:10
FNH:10
FNDA:2,(anonymous_0)
FNDA:9,(anonymous_1)
FNDA:1,(anonymous_2)
FNDA:1,(anonymous_3)
FNDA:1,(anonymous_4)
FNDA:1,(anonymous_5)
FNDA:2,(anonymous_6)
FNDA:11,(anonymous_7)
FNDA:1,(anonymous_8)
FNDA:4,(anonymous_9)
DA:1,1
DA:2,9
DA:4,2
DA:10,2
DA:12,2
DA:15,1
DA:16,1
DA:17,1
DA:18,1
DA:19,1
DA:20,1
DA:23,1
DA:24,1
DA:25,1
DA:26,1
DA:27,1
DA:28,1
DA:31,11
DA:33,4
LF:19
LH:19
BRF:0
BRH:0
end_of_record
